2020-10-26 12:05:41,796 [Worker-5: Loading available Gradle versions] INFO  o.e.b.c.i.u.g.PublishedGradleVersions - Gradle version information cache is up-to-date. Trying to read.
2020-11-09 09:15:15,660 [Worker-2: Loading available Gradle versions] INFO  o.e.b.c.i.u.g.PublishedGradleVersions - Gradle version information cache is out-of-date. Trying to update.
2020-11-09 09:17:39,640 [Worker-0: Loading available Gradle versions] INFO  o.e.b.c.i.u.g.PublishedGradleVersions - Gradle version information cache is up-to-date. Trying to read.
2020-12-07 17:44:38,007 [Worker-8: Loading available Gradle versions] INFO  o.e.b.c.i.u.g.PublishedGradleVersions - Gradle version information cache is out-of-date. Trying to update.
2020-12-07 17:48:10,632 [Worker-10: Update Maven projects configuration] INFO  o.e.m.c.i.p.ProjectConfigurationManager - Update started
2020-12-07 17:48:12,992 [Worker-10: Update Maven projects configuration] INFO  o.e.m.c.i.l.LifecycleMappingFactory - Using org.eclipse.m2e.jdt.JarLifecycleMapping lifecycle mapping for MavenProject: com.project:MatchingPro:0.0.1-SNAPSHOT @ /Users/naraekang/git/CovidAnalysisProject/pom.xml.
2020-12-07 17:48:15,595 [Worker-10: Update Maven projects configuration] INFO  o.e.m.j.i.AbstractJavaProjectConfigurator - Adding source folder /CovidAnalysisProject/src/main/java
2020-12-07 17:48:15,597 [Worker-10: Update Maven projects configuration] INFO  o.e.m.j.i.AbstractJavaProjectConfigurator - Adding resource folder /CovidAnalysisProject/src/main/resources
2020-12-07 17:48:15,624 [Worker-10: Update Maven projects configuration] INFO  o.e.m.j.i.AbstractJavaProjectConfigurator - Adding resource folder /CovidAnalysisProject/src/main/resources
2020-12-07 17:48:15,664 [Worker-10: Update Maven projects configuration] INFO  o.e.m.j.i.AbstractJavaProjectConfigurator - Adding source folder /CovidAnalysisProject/src/test/java
2020-12-07 17:48:19,455 [Worker-10: Update Maven projects configuration] INFO  o.e.m.c.i.p.ProjectConfigurationManager - Update completed: 8 sec
2020-12-07 17:48:21,573 [Worker-11: Building] INFO  o.e.m.c.i.embedder.EclipseLogger - Using 'UTF-8' encoding to copy filtered resources.
2020-12-07 17:48:21,586 [Worker-11: Building] INFO  o.e.m.c.i.embedder.EclipseLogger - Copying 1 resource
2020-12-07 17:48:21,612 [Worker-11: Building] INFO  o.e.m.c.i.embedder.EclipseLogger - Copying 0 resource
2020-12-07 17:48:21,616 [Worker-11: Building] INFO  o.e.m.c.i.embedder.EclipseLogger - Using 'UTF-8' encoding to copy filtered resources.
2020-12-07 17:48:21,616 [Worker-11: Building] INFO  o.e.m.c.i.embedder.EclipseLogger - skip non existing resourceDirectory /Users/naraekang/git/CovidAnalysisProject/src/test/resources
2020-12-07 22:16:31,269 [Worker-3: Loading available Gradle versions] INFO  o.e.b.c.i.u.g.PublishedGradleVersions - Gradle version information cache is up-to-date. Trying to read.
2020-12-07 22:58:13,092 [Worker-25: Launching CovidAnalysisProject - MatchingProApplication] INFO  o.e.m.c.i.embedder.EclipseLogger - Using 'UTF-8' encoding to copy filtered resources.
2020-12-07 22:58:13,107 [Worker-25: Launching CovidAnalysisProject - MatchingProApplication] INFO  o.e.m.c.i.embedder.EclipseLogger - Copying 1 resource
2020-12-07 22:58:13,134 [Worker-25: Launching CovidAnalysisProject - MatchingProApplication] INFO  o.e.m.c.i.embedder.EclipseLogger - Copying 0 resource
2020-12-07 22:58:13,138 [Worker-25: Launching CovidAnalysisProject - MatchingProApplication] INFO  o.e.m.c.i.embedder.EclipseLogger - Using 'UTF-8' encoding to copy filtered resources.
2020-12-07 22:58:13,139 [Worker-25: Launching CovidAnalysisProject - MatchingProApplication] INFO  o.e.m.c.i.embedder.EclipseLogger - skip non existing resourceDirectory /Users/naraekang/git/CovidAnalysisProject/src/test/resources
2020-12-07 22:59:02,179 [Worker-7: Loading available Gradle versions] INFO  o.e.b.c.i.u.g.PublishedGradleVersions - Gradle version information cache is up-to-date. Trying to read.
2020-12-07 23:20:50,733 [Worker-19: Building] INFO  o.e.m.c.i.embedder.EclipseLogger - Using 'UTF-8' encoding to copy filtered resources.
2020-12-07 23:20:50,765 [Worker-19: Building] INFO  o.e.m.c.i.embedder.EclipseLogger - Copying 1 resource
2020-12-07 23:20:50,966 [Worker-19: Building] INFO  o.e.m.c.i.embedder.EclipseLogger - Copying 0 resource
2020-12-07 23:20:50,973 [Worker-19: Building] INFO  o.e.m.c.i.embedder.EclipseLogger - Using 'UTF-8' encoding to copy filtered resources.
2020-12-07 23:20:50,973 [Worker-19: Building] INFO  o.e.m.c.i.embedder.EclipseLogger - skip non existing resourceDirectory /Users/naraekang/git/CovidAnalysisProject/src/test/resources
2020-12-07 23:34:17,105 [Worker-25: Updating Maven Dependencies] ERROR o.e.m.c.i.p.r.ProjectRegistryRefreshJob - Cannot invoke "java.net.URI.getScheme()" because "uri" is null
java.lang.NullPointerException: Cannot invoke "java.net.URI.getScheme()" because "uri" is null
	at org.eclipse.core.internal.filesystem.InternalFileSystemCore.getStore(InternalFileSystemCore.java:107)
	at org.eclipse.core.filesystem.EFS.getStore(EFS.java:479)
	at org.eclipse.m2e.core.internal.project.registry.ProjectRegistryManager.getRemoteFile(ProjectRegistryManager.java:1211)
	at org.eclipse.m2e.core.internal.project.registry.ProjectRegistryManager.toJavaIoFile(ProjectRegistryManager.java:1203)
	at org.eclipse.m2e.core.internal.project.registry.ProjectRegistryManager.configureExecutionRequest(ProjectRegistryManager.java:924)
	at org.eclipse.m2e.core.internal.project.registry.ProjectRegistryManager.createExecutionContext(ProjectRegistryManager.java:1033)
	at org.eclipse.m2e.core.internal.project.registry.ProjectRegistryManager.execute(ProjectRegistryManager.java:1027)
	at org.eclipse.m2e.core.internal.project.registry.ProjectRegistryManager.readMavenProjectFacades(ProjectRegistryManager.java:735)
	at org.eclipse.m2e.core.internal.project.registry.ProjectRegistryManager.refresh(ProjectRegistryManager.java:431)
	at org.eclipse.m2e.core.internal.project.registry.ProjectRegistryManager.refresh(ProjectRegistryManager.java:364)
	at org.eclipse.m2e.core.internal.project.registry.ProjectRegistryRefreshJob.lambda$4(ProjectRegistryRefreshJob.java:141)
	at org.eclipse.m2e.core.internal.embedder.MavenExecutionContext.executeBare(MavenExecutionContext.java:179)
	at org.eclipse.m2e.core.internal.embedder.MavenExecutionContext.execute(MavenExecutionContext.java:153)
	at org.eclipse.m2e.core.internal.embedder.MavenExecutionContext.execute(MavenExecutionContext.java:101)
	at org.eclipse.m2e.core.internal.embedder.MavenImpl.execute(MavenImpl.java:1370)
	at org.eclipse.m2e.core.internal.project.registry.ProjectRegistryRefreshJob.lambda$0(ProjectRegistryRefreshJob.java:140)
	at org.eclipse.m2e.core.internal.embedder.MavenExecutionContext.executeBare(MavenExecutionContext.java:179)
	at org.eclipse.m2e.core.internal.embedder.MavenExecutionContext.execute(MavenExecutionContext.java:153)
	at org.eclipse.m2e.core.internal.embedder.MavenExecutionContext.execute(MavenExecutionContext.java:101)
	at org.eclipse.m2e.core.internal.embedder.MavenImpl.execute(MavenImpl.java:1374)
	at org.eclipse.m2e.core.internal.project.registry.ProjectRegistryRefreshJob.run(ProjectRegistryRefreshJob.java:84)
	at org.eclipse.core.internal.jobs.Worker.run(Worker.java:63)
2020-12-07 23:34:17,925 [Worker-26: Match Job] ERROR o.e.m.i.l.MavenConsoleLineTracker - Launch configuration CovidAnalysisProject - MatchingProApplication at file:/Users/naraekang/Desktop/project/CovidAnalysisProject/.metadata/.plugins/org.eclipse.debug.core/.launches/CovidAnalysisProject%20-%20MatchingProApplication.launch does not exist.
org.eclipse.debug.core.DebugException: Launch configuration CovidAnalysisProject - MatchingProApplication at file:/Users/naraekang/Desktop/project/CovidAnalysisProject/.metadata/.plugins/org.eclipse.debug.core/.launches/CovidAnalysisProject%20-%20MatchingProApplication.launch does not exist.
	at org.eclipse.debug.internal.core.LaunchManager.createDebugException(LaunchManager.java:885)
	at org.eclipse.debug.internal.core.LaunchManager.getInfo(LaunchManager.java:1369)
	at org.eclipse.debug.internal.core.LaunchConfiguration.getInfo(LaunchConfiguration.java:488)
	at org.eclipse.debug.internal.core.LaunchConfiguration.getType(LaunchConfiguration.java:643)
	at org.eclipse.m2e.internal.launch.MavenConsoleLineTracker.isMavenProcess(MavenConsoleLineTracker.java:144)
	at org.eclipse.m2e.internal.launch.MavenConsoleLineTracker.lineAppended(MavenConsoleLineTracker.java:87)
	at org.eclipse.debug.internal.ui.views.console.ConsoleLineNotifier.lineAppended(ConsoleLineNotifier.java:123)
	at org.eclipse.debug.internal.ui.views.console.ConsoleLineNotifier.matchFound(ConsoleLineNotifier.java:115)
	at org.eclipse.ui.internal.console.ConsolePatternMatcher$MatchJob.run(ConsolePatternMatcher.java:137)
	at org.eclipse.core.internal.jobs.Worker.run(Worker.java:63)
2020-12-07 23:34:18,447 [Worker-26: Match Job] ERROR o.e.m.i.l.MavenConsoleLineTracker - Launch configuration CovidAnalysisProject - MatchingProApplication at file:/Users/naraekang/Desktop/project/CovidAnalysisProject/.metadata/.plugins/org.eclipse.debug.core/.launches/CovidAnalysisProject%20-%20MatchingProApplication.launch does not exist.
org.eclipse.debug.core.DebugException: Launch configuration CovidAnalysisProject - MatchingProApplication at file:/Users/naraekang/Desktop/project/CovidAnalysisProject/.metadata/.plugins/org.eclipse.debug.core/.launches/CovidAnalysisProject%20-%20MatchingProApplication.launch does not exist.
	at org.eclipse.debug.internal.core.LaunchManager.createDebugException(LaunchManager.java:885)
	at org.eclipse.debug.internal.core.LaunchManager.getInfo(LaunchManager.java:1369)
	at org.eclipse.debug.internal.core.LaunchConfiguration.getInfo(LaunchConfiguration.java:488)
	at org.eclipse.debug.internal.core.LaunchConfiguration.getType(LaunchConfiguration.java:643)
	at org.eclipse.m2e.internal.launch.MavenConsoleLineTracker.isMavenProcess(MavenConsoleLineTracker.java:144)
	at org.eclipse.m2e.internal.launch.MavenConsoleLineTracker.lineAppended(MavenConsoleLineTracker.java:87)
	at org.eclipse.debug.internal.ui.views.console.ConsoleLineNotifier.lineAppended(ConsoleLineNotifier.java:123)
	at org.eclipse.debug.internal.ui.views.console.ConsoleLineNotifier.matchFound(ConsoleLineNotifier.java:115)
	at org.eclipse.ui.internal.console.ConsolePatternMatcher$MatchJob.run(ConsolePatternMatcher.java:137)
	at org.eclipse.core.internal.jobs.Worker.run(Worker.java:63)
2020-12-07 23:34:18,449 [Worker-26: Match Job] ERROR o.e.m.i.l.MavenConsoleLineTracker - Launch configuration CovidAnalysisProject - MatchingProApplication at file:/Users/naraekang/Desktop/project/CovidAnalysisProject/.metadata/.plugins/org.eclipse.debug.core/.launches/CovidAnalysisProject%20-%20MatchingProApplication.launch does not exist.
org.eclipse.debug.core.DebugException: Launch configuration CovidAnalysisProject - MatchingProApplication at file:/Users/naraekang/Desktop/project/CovidAnalysisProject/.metadata/.plugins/org.eclipse.debug.core/.launches/CovidAnalysisProject%20-%20MatchingProApplication.launch does not exist.
	at org.eclipse.debug.internal.core.LaunchManager.createDebugException(LaunchManager.java:885)
	at org.eclipse.debug.internal.core.LaunchManager.getInfo(LaunchManager.java:1369)
	at org.eclipse.debug.internal.core.LaunchConfiguration.getInfo(LaunchConfiguration.java:488)
	at org.eclipse.debug.internal.core.LaunchConfiguration.getType(LaunchConfiguration.java:643)
	at org.eclipse.m2e.internal.launch.MavenConsoleLineTracker.isMavenProcess(MavenConsoleLineTracker.java:144)
	at org.eclipse.m2e.internal.launch.MavenConsoleLineTracker.lineAppended(MavenConsoleLineTracker.java:87)
	at org.eclipse.debug.internal.ui.views.console.ConsoleLineNotifier.lineAppended(ConsoleLineNotifier.java:123)
	at org.eclipse.debug.internal.ui.views.console.ConsoleLineNotifier.matchFound(ConsoleLineNotifier.java:115)
	at org.eclipse.ui.internal.console.ConsolePatternMatcher$MatchJob.run(ConsolePatternMatcher.java:137)
	at org.eclipse.core.internal.jobs.Worker.run(Worker.java:63)
2020-12-07 23:34:18,451 [Worker-26: Match Job] ERROR o.e.m.i.l.MavenConsoleLineTracker - Launch configuration CovidAnalysisProject - MatchingProApplication at file:/Users/naraekang/Desktop/project/CovidAnalysisProject/.metadata/.plugins/org.eclipse.debug.core/.launches/CovidAnalysisProject%20-%20MatchingProApplication.launch does not exist.
org.eclipse.debug.core.DebugException: Launch configuration CovidAnalysisProject - MatchingProApplication at file:/Users/naraekang/Desktop/project/CovidAnalysisProject/.metadata/.plugins/org.eclipse.debug.core/.launches/CovidAnalysisProject%20-%20MatchingProApplication.launch does not exist.
	at org.eclipse.debug.internal.core.LaunchManager.createDebugException(LaunchManager.java:885)
	at org.eclipse.debug.internal.core.LaunchManager.getInfo(LaunchManager.java:1369)
	at org.eclipse.debug.internal.core.LaunchConfiguration.getInfo(LaunchConfiguration.java:488)
	at org.eclipse.debug.internal.core.LaunchConfiguration.getType(LaunchConfiguration.java:643)
	at org.eclipse.m2e.internal.launch.MavenConsoleLineTracker.isMavenProcess(MavenConsoleLineTracker.java:144)
	at org.eclipse.m2e.internal.launch.MavenConsoleLineTracker.lineAppended(MavenConsoleLineTracker.java:87)
	at org.eclipse.debug.internal.ui.views.console.ConsoleLineNotifier.lineAppended(ConsoleLineNotifier.java:123)
	at org.eclipse.debug.internal.ui.views.console.ConsoleLineNotifier.matchFound(ConsoleLineNotifier.java:115)
	at org.eclipse.ui.internal.console.ConsolePatternMatcher$MatchJob.run(ConsolePatternMatcher.java:137)
	at org.eclipse.core.internal.jobs.Worker.run(Worker.java:63)
2020-12-07 23:34:18,455 [Worker-26: Match Job] ERROR o.e.m.i.l.MavenConsoleLineTracker - Launch configuration CovidAnalysisProject - MatchingProApplication at file:/Users/naraekang/Desktop/project/CovidAnalysisProject/.metadata/.plugins/org.eclipse.debug.core/.launches/CovidAnalysisProject%20-%20MatchingProApplication.launch does not exist.
org.eclipse.debug.core.DebugException: Launch configuration CovidAnalysisProject - MatchingProApplication at file:/Users/naraekang/Desktop/project/CovidAnalysisProject/.metadata/.plugins/org.eclipse.debug.core/.launches/CovidAnalysisProject%20-%20MatchingProApplication.launch does not exist.
	at org.eclipse.debug.internal.core.LaunchManager.createDebugException(LaunchManager.java:885)
	at org.eclipse.debug.internal.core.LaunchManager.getInfo(LaunchManager.java:1369)
	at org.eclipse.debug.internal.core.LaunchConfiguration.getInfo(LaunchConfiguration.java:488)
	at org.eclipse.debug.internal.core.LaunchConfiguration.getType(LaunchConfiguration.java:643)
	at org.eclipse.m2e.internal.launch.MavenConsoleLineTracker.isMavenProcess(MavenConsoleLineTracker.java:144)
	at org.eclipse.m2e.internal.launch.MavenConsoleLineTracker.lineAppended(MavenConsoleLineTracker.java:87)
	at org.eclipse.debug.internal.ui.views.console.ConsoleLineNotifier.lineAppended(ConsoleLineNotifier.java:123)
	at org.eclipse.debug.internal.ui.views.console.ConsoleLineNotifier.matchFound(ConsoleLineNotifier.java:115)
	at org.eclipse.ui.internal.console.ConsolePatternMatcher$MatchJob.run(ConsolePatternMatcher.java:137)
	at org.eclipse.core.internal.jobs.Worker.run(Worker.java:63)
2020-12-07 23:34:18,508 [Worker-25: Match Job] ERROR o.e.m.i.l.MavenConsoleLineTracker - Launch configuration CovidAnalysisProject - MatchingProApplication at file:/Users/naraekang/Desktop/project/CovidAnalysisProject/.metadata/.plugins/org.eclipse.debug.core/.launches/CovidAnalysisProject%20-%20MatchingProApplication.launch does not exist.
org.eclipse.debug.core.DebugException: Launch configuration CovidAnalysisProject - MatchingProApplication at file:/Users/naraekang/Desktop/project/CovidAnalysisProject/.metadata/.plugins/org.eclipse.debug.core/.launches/CovidAnalysisProject%20-%20MatchingProApplication.launch does not exist.
	at org.eclipse.debug.internal.core.LaunchManager.createDebugException(LaunchManager.java:885)
	at org.eclipse.debug.internal.core.LaunchManager.getInfo(LaunchManager.java:1369)
	at org.eclipse.debug.internal.core.LaunchConfiguration.getInfo(LaunchConfiguration.java:488)
	at org.eclipse.debug.internal.core.LaunchConfiguration.getType(LaunchConfiguration.java:643)
	at org.eclipse.m2e.internal.launch.MavenConsoleLineTracker.isMavenProcess(MavenConsoleLineTracker.java:144)
	at org.eclipse.m2e.internal.launch.MavenConsoleLineTracker.lineAppended(MavenConsoleLineTracker.java:87)
	at org.eclipse.debug.internal.ui.views.console.ConsoleLineNotifier.lineAppended(ConsoleLineNotifier.java:123)
	at org.eclipse.debug.internal.ui.views.console.ConsoleLineNotifier.disconnect(ConsoleLineNotifier.java:71)
	at org.eclipse.ui.internal.console.ConsolePatternMatcher$CompiledPatternMatchListener.dispose(ConsolePatternMatcher.java:198)
	at org.eclipse.ui.internal.console.ConsolePatternMatcher.disconnect(ConsolePatternMatcher.java:260)
	at org.eclipse.ui.internal.console.ConsolePatternMatcher$MatchJob.run(ConsolePatternMatcher.java:164)
	at org.eclipse.core.internal.jobs.Worker.run(Worker.java:63)
2020-12-14 10:54:50,270 [Worker-1: Loading available Gradle versions] INFO  o.e.b.c.i.u.g.PublishedGradleVersions - Gradle version information cache is up-to-date. Trying to read.
